<?xml version="1.0" encoding="UTF-8"?>
<testng-results ignored="0" total="11" passed="9" failed="2" skipped="0">
  <reporter-output>
  </reporter-output>
  <suite started-at="2024-02-06T21:56:06 TRT" name="Default suite" finished-at="2024-02-06T21:56:49 TRT" duration-ms="42577">
    <groups>
    </groups>
    <test started-at="2024-02-06T21:56:06 TRT" name="Default test" finished-at="2024-02-06T21:56:49 TRT" duration-ms="42577">
      <class name="AlmosaferWeb.MyTestCases">
        <test-method is-config="true" signature="MysetUp()[pri:0, instance:AlmosaferWeb.MyTestCases@43b6123e]" started-at="2024-02-06T21:56:06 TRT" name="MysetUp" finished-at="2024-02-06T21:56:11 TRT" duration-ms="5444" status="PASS">
          <reporter-output>
          </reporter-output>
        </test-method> <!-- MysetUp -->
        <test-method signature="CheckLanguageIsEnglish()[pri:1, instance:AlmosaferWeb.MyTestCases@43b6123e]" started-at="2024-02-06T21:56:11 TRT" name="CheckLanguageIsEnglish" finished-at="2024-02-06T21:56:11 TRT" duration-ms="27" status="PASS">
          <reporter-output>
          </reporter-output>
        </test-method> <!-- CheckLanguageIsEnglish -->
        <test-method signature="CheckTheDefaultCurancyisSAR()[pri:2, instance:AlmosaferWeb.MyTestCases@43b6123e]" started-at="2024-02-06T21:56:11 TRT" name="CheckTheDefaultCurancyisSAR" finished-at="2024-02-06T21:56:11 TRT" duration-ms="25" status="PASS">
          <reporter-output>
          </reporter-output>
        </test-method> <!-- CheckTheDefaultCurancyisSAR -->
        <test-method signature="CheckContactNumber()[pri:3, instance:AlmosaferWeb.MyTestCases@43b6123e]" started-at="2024-02-06T21:56:11 TRT" name="CheckContactNumber" finished-at="2024-02-06T21:56:12 TRT" duration-ms="21" status="PASS">
          <reporter-output>
          </reporter-output>
        </test-method> <!-- CheckContactNumber -->
        <test-method signature="CheckQitafLogo()[pri:4, instance:AlmosaferWeb.MyTestCases@43b6123e]" started-at="2024-02-06T21:56:12 TRT" name="CheckQitafLogo" finished-at="2024-02-06T21:56:12 TRT" duration-ms="87" status="PASS">
          <reporter-output>
          </reporter-output>
        </test-method> <!-- CheckQitafLogo -->
        <test-method signature="CheckHotelTabNotSelectedByDefualt()[pri:5, instance:AlmosaferWeb.MyTestCases@43b6123e]" started-at="2024-02-06T21:56:12 TRT" name="CheckHotelTabNotSelectedByDefualt" finished-at="2024-02-06T21:56:12 TRT" duration-ms="26" status="PASS">
          <reporter-output>
          </reporter-output>
        </test-method> <!-- CheckHotelTabNotSelectedByDefualt -->
        <test-method signature="checkDepartureDateAndReturnDate()[pri:6, instance:AlmosaferWeb.MyTestCases@43b6123e]" started-at="2024-02-06T21:56:12 TRT" name="checkDepartureDateAndReturnDate" finished-at="2024-02-06T21:56:12 TRT" duration-ms="48" status="PASS">
          <reporter-output>
          </reporter-output>
        </test-method> <!-- checkDepartureDateAndReturnDate -->
        <test-method signature="RandomMethodToChangeLanguage()[pri:7, instance:AlmosaferWeb.MyTestCases@43b6123e]" started-at="2024-02-06T21:56:12 TRT" name="RandomMethodToChangeLanguage" finished-at="2024-02-06T21:56:12 TRT" duration-ms="448" status="PASS">
          <reporter-output>
          </reporter-output>
        </test-method> <!-- RandomMethodToChangeLanguage -->
        <test-method signature="switchToHotelTab()[pri:8, instance:AlmosaferWeb.MyTestCases@43b6123e]" started-at="2024-02-06T21:56:12 TRT" name="switchToHotelTab" finished-at="2024-02-06T21:56:13 TRT" duration-ms="593" status="FAIL">
          <exception class="java.lang.AssertionError">
            <message>
              <![CDATA[expected [true] but found [false]]]>
            </message>
            <full-stacktrace>
              <![CDATA[java.lang.AssertionError: expected [true] but found [false]
at org.testng.Assert.fail(Assert.java:99)
at org.testng.Assert.failNotEquals(Assert.java:1037)
at org.testng.Assert.assertEqualsImpl(Assert.java:140)
at org.testng.Assert.assertEquals(Assert.java:122)
at org.testng.Assert.assertEquals(Assert.java:819)
at org.testng.Assert.assertEquals(Assert.java:829)
at AlmosaferWeb.MyTestCases.switchToHotelTab(MyTestCases.java:130)
at java.base/jdk.internal.reflect.NativeMethodAccessorImpl.invoke0(Native Method)
at java.base/jdk.internal.reflect.NativeMethodAccessorImpl.invoke(NativeMethodAccessorImpl.java:77)
at java.base/jdk.internal.reflect.DelegatingMethodAccessorImpl.invoke(DelegatingMethodAccessorImpl.java:43)
at java.base/java.lang.reflect.Method.invoke(Method.java:568)
at org.testng.internal.MethodInvocationHelper.invokeMethod(MethodInvocationHelper.java:133)
at org.testng.internal.TestInvoker.invokeMethod(TestInvoker.java:598)
at org.testng.internal.TestInvoker.invokeTestMethod(TestInvoker.java:173)
at org.testng.internal.MethodRunner.runInSequence(MethodRunner.java:46)
at org.testng.internal.TestInvoker$MethodInvocationAgent.invoke(TestInvoker.java:824)
at org.testng.internal.TestInvoker.invokeTestMethods(TestInvoker.java:146)
at org.testng.internal.TestMethodWorker.invokeTestMethods(TestMethodWorker.java:146)
at org.testng.internal.TestMethodWorker.run(TestMethodWorker.java:128)
at java.base/java.util.ArrayList.forEach(ArrayList.java:1511)
at org.testng.TestRunner.privateRun(TestRunner.java:794)
at org.testng.TestRunner.run(TestRunner.java:596)
at org.testng.SuiteRunner.runTest(SuiteRunner.java:377)
at org.testng.SuiteRunner.runSequentially(SuiteRunner.java:371)
at org.testng.SuiteRunner.privateRun(SuiteRunner.java:332)
at org.testng.SuiteRunner.run(SuiteRunner.java:276)
at org.testng.SuiteRunnerWorker.runSuite(SuiteRunnerWorker.java:53)
at org.testng.SuiteRunnerWorker.run(SuiteRunnerWorker.java:96)
at org.testng.TestNG.runSuitesSequentially(TestNG.java:1212)
at org.testng.TestNG.runSuitesLocally(TestNG.java:1134)
at org.testng.TestNG.runSuites(TestNG.java:1063)
at org.testng.TestNG.run(TestNG.java:1031)
at org.testng.remote.AbstractRemoteTestNG.run(AbstractRemoteTestNG.java:115)
at org.testng.remote.RemoteTestNG.initAndRun(RemoteTestNG.java:251)
at org.testng.remote.RemoteTestNG.main(RemoteTestNG.java:77)
]]>
            </full-stacktrace>
          </exception> <!-- java.lang.AssertionError -->
          <reporter-output>
          </reporter-output>
        </test-method> <!-- switchToHotelTab -->
        <test-method signature="randomlySelectThevistorNumber()[pri:9, instance:AlmosaferWeb.MyTestCases@43b6123e]" started-at="2024-02-06T21:56:13 TRT" name="randomlySelectThevistorNumber" finished-at="2024-02-06T21:56:17 TRT" duration-ms="4296" status="PASS">
          <reporter-output>
          </reporter-output>
        </test-method> <!-- randomlySelectThevistorNumber -->
        <test-method signature="makeSurePageIsFullyLoaded()[pri:10, instance:AlmosaferWeb.MyTestCases@43b6123e]" started-at="2024-02-06T21:56:17 TRT" name="makeSurePageIsFullyLoaded" finished-at="2024-02-06T21:56:43 TRT" duration-ms="25835" status="FAIL">
          <exception class="java.lang.AssertionError">
            <message>
              <![CDATA[expected [true] but found [false]]]>
            </message>
            <full-stacktrace>
              <![CDATA[java.lang.AssertionError: expected [true] but found [false]
at org.testng.Assert.fail(Assert.java:99)
at org.testng.Assert.failNotEquals(Assert.java:1037)
at org.testng.Assert.assertEqualsImpl(Assert.java:140)
at org.testng.Assert.assertEquals(Assert.java:122)
at org.testng.Assert.assertEquals(Assert.java:819)
at org.testng.Assert.assertEquals(Assert.java:829)
at AlmosaferWeb.MyTestCases.makeSurePageIsFullyLoaded(MyTestCases.java:168)
at java.base/jdk.internal.reflect.NativeMethodAccessorImpl.invoke0(Native Method)
at java.base/jdk.internal.reflect.NativeMethodAccessorImpl.invoke(NativeMethodAccessorImpl.java:77)
at java.base/jdk.internal.reflect.DelegatingMethodAccessorImpl.invoke(DelegatingMethodAccessorImpl.java:43)
at java.base/java.lang.reflect.Method.invoke(Method.java:568)
at org.testng.internal.MethodInvocationHelper.invokeMethod(MethodInvocationHelper.java:133)
at org.testng.internal.TestInvoker.invokeMethod(TestInvoker.java:598)
at org.testng.internal.TestInvoker.invokeTestMethod(TestInvoker.java:173)
at org.testng.internal.MethodRunner.runInSequence(MethodRunner.java:46)
at org.testng.internal.TestInvoker$MethodInvocationAgent.invoke(TestInvoker.java:824)
at org.testng.internal.TestInvoker.invokeTestMethods(TestInvoker.java:146)
at org.testng.internal.TestMethodWorker.invokeTestMethods(TestMethodWorker.java:146)
at org.testng.internal.TestMethodWorker.run(TestMethodWorker.java:128)
at java.base/java.util.ArrayList.forEach(ArrayList.java:1511)
at org.testng.TestRunner.privateRun(TestRunner.java:794)
at org.testng.TestRunner.run(TestRunner.java:596)
at org.testng.SuiteRunner.runTest(SuiteRunner.java:377)
at org.testng.SuiteRunner.runSequentially(SuiteRunner.java:371)
at org.testng.SuiteRunner.privateRun(SuiteRunner.java:332)
at org.testng.SuiteRunner.run(SuiteRunner.java:276)
at org.testng.SuiteRunnerWorker.runSuite(SuiteRunnerWorker.java:53)
at org.testng.SuiteRunnerWorker.run(SuiteRunnerWorker.java:96)
at org.testng.TestNG.runSuitesSequentially(TestNG.java:1212)
at org.testng.TestNG.runSuitesLocally(TestNG.java:1134)
at org.testng.TestNG.runSuites(TestNG.java:1063)
at org.testng.TestNG.run(TestNG.java:1031)
at org.testng.remote.AbstractRemoteTestNG.run(AbstractRemoteTestNG.java:115)
at org.testng.remote.RemoteTestNG.initAndRun(RemoteTestNG.java:251)
at org.testng.remote.RemoteTestNG.main(RemoteTestNG.java:77)
]]>
            </full-stacktrace>
          </exception> <!-- java.lang.AssertionError -->
          <reporter-output>
          </reporter-output>
        </test-method> <!-- makeSurePageIsFullyLoaded -->
        <test-method signature="sortTheItemsBasedOnThePrice()[pri:11, instance:AlmosaferWeb.MyTestCases@43b6123e]" started-at="2024-02-06T21:56:43 TRT" name="sortTheItemsBasedOnThePrice" finished-at="2024-02-06T21:56:49 TRT" duration-ms="5684" status="PASS">
          <reporter-output>
          </reporter-output>
        </test-method> <!-- sortTheItemsBasedOnThePrice -->
        <test-method is-config="true" signature="AfterTestin()[pri:0, instance:AlmosaferWeb.MyTestCases@43b6123e]" started-at="2024-02-06T21:56:49 TRT" name="AfterTestin" finished-at="2024-02-06T21:56:49 TRT" duration-ms="0" status="PASS">
          <reporter-output>
          </reporter-output>
        </test-method> <!-- AfterTestin -->
      </class> <!-- AlmosaferWeb.MyTestCases -->
    </test> <!-- Default test -->
  </suite> <!-- Default suite -->
</testng-results>
